C51 COMPILER V9.01   MAIN                                                                  02/14/2012 11:16:49 PAGE 1   


C51 COMPILER V9.01, COMPILATION OF MODULE MAIN
OBJECT MODULE PLACED IN .\obj\main.obj
COMPILER INVOKED BY: D:\C51\BIN\C51.EXE main.c BROWSE DEBUG OBJECTEXTEND PRINT(.\obj\main.lst) OBJECT(.\obj\main.obj)

line level    source

   1          /*-----------------------------------------------
   2                  名称：DS18b20 温度检测液晶显示
   3                  公司：济南博芯电子
   4                  
   5                  论坛：http://bxmcu.vicp.net:8080
   6                  编写：
   7                  修改：无
   8                  版本：Version 1.0
   9                  内容：
  10          ------------------------------------------------*/
  11          #include<reg52.h> //包含头文件，一般情况不需要改动，头文件包含特殊功能寄存器的定义
  12          #include<stdio.h>
  13          #include "18b20.h"
  14          #include "1602.h"
  15          #include "delay.h"
  16          
  17          bit ReadTempFlag;//定义读时间标志
  18          
  19          void Init_Timer0(void);//定时器初始化
  20          /*------------------------------------------------
  21                        串口通讯初始化
  22          ------------------------------------------------*/
  23          void UART_Init(void)
  24          {
  25   1          SCON  = 0x50;                       // SCON: 模式 1, 8-bit UART, 使能接收  
  26   1          TMOD |= 0x20;               // TMOD: timer 1, mode 2, 8-bit 重装
  27   1          TH1   = 0xFD;               // TH1:  重装值 9600 波特率 晶振 11.0592MHz  
  28   1          TR1   = 1;                  // TR1:  timer 1 打开                         
  29   1          //EA    = 1;                  //打开总中断
  30   1          //ES    = 1;                  //打开串口中断
  31   1              TI=1;
  32   1      }
  33          /*------------------------------------------------
  34                              主函数
  35          ------------------------------------------------*/
  36          void main (void)
  37          {                  
  38   1      int temp;
  39   1      float temperature;
  40   1      char displaytemp[16];//定义显示区域临时存储数组
  41   1      
  42   1      LCD_Init();           //初始化液晶
  43   1      DelayMs(20);          //延时有助于稳定
  44   1      LCD_Clear();          //清屏
  45   1      Init_Timer0();
  46   1      UART_Init();
  47   1      Lcd_User_Chr();       //写入自定义字符
  48   1      LCD_Write_String(0,0," bxmcu.vicp.net ");        //http://bxmcu.vicp.net:8080
  49   1      LCD_Write_Char(13,1,0x01);//写入温度右上角点
  50   1      LCD_Write_Char(14,1,'C'); //写入字符C
  51   1      
  52   1      while (1)         //主循环
  53   1        {
  54   2      
  55   2      if(ReadTempFlag==1)
C51 COMPILER V9.01   MAIN                                                                  02/14/2012 11:16:49 PAGE 2   

  56   2       {
  57   3        ReadTempFlag=0;
  58   3        temp=ReadTemperature();
  59   3      
  60   3        temperature=(float)temp*0.0625;
  61   3        sprintf(displaytemp,"Temp  % 7.3f",temperature);//打印温度值
  62   3        LCD_Write_String(0,1,displaytemp);//显示第二行
  63   3        }     
  64   2       }
  65   1      }
  66          
  67          /*------------------------------------------------
  68                              定时器初始化子程序
  69          ------------------------------------------------*/
  70          void Init_Timer0(void)
  71          {
  72   1       TMOD |= 0x01;    //使用模式1，16位定时器，使用"|"符号可以在使用多个定时器时不受影响                 
  73   1       //TH0=0x00;          //给定初值
  74   1       //TL0=0x00;
  75   1       EA=1;            //总中断打开
  76   1       ET0=1;           //定时器中断打开
  77   1       TR0=1;           //定时器开关打开
  78   1      }
  79          /*------------------------------------------------
  80                           定时器中断子程序
  81          ------------------------------------------------*/
  82          void Timer0_isr(void) interrupt 1 
  83          {
  84   1       static unsigned int num;
  85   1       TH0=(65536-2000)/256;            //重新赋值 2ms
  86   1       TL0=(65536-2000)%256;
  87   1       
  88   1       num++;
  89   1       if(num==300)        //
  90   1         {
  91   2          num=0;
  92   2          ReadTempFlag=1; //读标志位置1
  93   2              }
  94   1      }
  95          
  96          


MODULE INFORMATION:   STATIC OVERLAYABLE
   CODE SIZE        =    192    ----
   CONSTANT SIZE    =     30    ----
   XDATA SIZE       =   ----    ----
   PDATA SIZE       =   ----    ----
   DATA SIZE        =      2      22
   IDATA SIZE       =   ----    ----
   BIT SIZE         =      1    ----
END OF MODULE INFORMATION.


C51 COMPILATION COMPLETE.  0 WARNING(S),  0 ERROR(S)
