C51 COMPILER V9.00   矩_键盘                                                              09/30/2011 11:20:21 PAGE 1   


C51 COMPILER V9.00, COMPILATION OF MODULE 矩_键盘
OBJECT MODULE PLACED IN 矩阵键盘.OBJ
COMPILER INVOKED BY: C:\Keil\C51\BIN\C51.EXE 矩阵键盘.c BROWSE DEBUG OBJECTEXTEND

line level    source

   1          /*-----------------------------------------------
   2            名称：矩阵键盘反转扫描
   3            公司：济南博芯电子
   4            论坛：http://bxmcu.vicp.net:8080
   5            编写：icycreed        
   6            日期：2011.9
   7            版本：Version 1.0
   8            内容：矩阵键盘反转扫描
   9          ------------------------------------------------*/
  10          #include<reg52.h> //包含头文件，一般情况不需要改动，头文件包含特殊功能寄存器的定义
  11          
  12          #define KeyPort P3
  13          sbit dula=P2^1;
  14          sbit wela=P2^0;
  15          unsigned char code DuanMa[]={
  16          0x3f,0x06,0x5b,0x4f,
  17          0x66,0x6d,0x7d,0x07,
  18          0x7f,0x6f,0x77,0x7c,
  19          0x39,0x5e,0x79,0x71};
  20          
  21          void DelayUs2x(unsigned char t);//us级延时函数声明 
  22          void DelayMs(unsigned char t); //ms级延时
  23          
  24          unsigned char KeyScan(void);//键盘扫描
  25          unsigned char KeyPro(void);
  26          void display(unsigned char aa);
  27          /*------------------------------------------------
  28                              主函数
  29          ------------------------------------------------*/
  30          void main (void)
  31          {
  32   1      unsigned char num;   
  33   1              dula=1;
  34   1              P1=0x00;
  35   1              dula=0;
  36   1              wela=1;
  37   1              P1=0x00;
  38   1              wela=0;       
  39   1      while (1)         //主循环
  40   1              {
  41   2                      num=KeyPro();
  42   2              if(num!=0xff)
  43   2         {
  44   3                      display(num);
  45   3              }
  46   2      }
  47   1      }
  48          void display(unsigned char aa)
  49          {
  50   1              dula=1;
  51   1              P1=DuanMa[aa];
  52   1              dula=0;         
  53   1      }
  54          /*------------------------------------------------
  55                    按键扫描函数，返回扫描键值
C51 COMPILER V9.00   矩_键盘                                                              09/30/2011 11:20:21 PAGE 2   

  56          ------------------------------------------------*/
  57          unsigned char KeyScan(void)  //键盘扫描函数，使用行列反转扫描法
  58          {
  59   1              unsigned char cord_h,cord_l;//行列值中间变量
  60   1              KeyPort=0x0f;            //列线输出全为0
  61   1              cord_h=KeyPort&0x0f;     //读入行线值
  62   1              if(cord_h!=0x0f)    //先检测有无按键按下
  63   1              {
  64   2                      DelayMs(10);        //去抖
  65   2                      if((KeyPort&0x0f)!=0x0f)
  66   2              {
  67   3          cord_h=KeyPort&0x0f;  //读入行线值
  68   3          KeyPort=cord_h|0xf0;  //输出当前列线值
  69   3          cord_l=KeyPort&0xf0;  //读入列线值
  70   3      
  71   3          while((KeyPort&0xf0)!=0xf0);//等待松开并输出
  72   3          return(cord_h+cord_l);//键盘最后组合码值
  73   3         }
  74   2        }return(0xff);     //返回该值
  75   1      }
  76          /*------------------------------------------------
  77                        按键值处理函数，返回扫键值
  78          ------------------------------------------------*/
  79          unsigned char KeyPro(void)
  80          {
  81   1       switch(KeyScan())
  82   1       {
  83   2        case 0x7e:return 0;break;//0 按下相应的键显示相对应的码值
  84   2        case 0x7d:return 1;break;//1
  85   2        case 0x7b:return 2;break;//2
  86   2        case 0x77:return 3;break;//3
  87   2        case 0xbe:return 4;break;//4
  88   2        case 0xbd:return 5;break;//5
  89   2        case 0xbb:return 6;break;//6
  90   2        case 0xb7:return 7;break;//7
  91   2        case 0xde:return 8;break;//8
  92   2        case 0xdd:return 9;break;//9
  93   2        case 0xdb:return 10;break;//a
  94   2        case 0xd7:return 11;break;//b
  95   2        case 0xee:return 12;break;//c
  96   2        case 0xed:return 13;break;//d
  97   2        case 0xeb:return 14;break;//e
  98   2        case 0xe7:return 15;break;//f
  99   2        default:return 0xff;break;
 100   2       }
 101   1      }
 102          /*------------------------------------------------
 103           uS延时函数，含有输入参数 unsigned char t，无返回值
 104           unsigned char 是定义无符号字符变量，其值的范围是
 105           0~255 这里使用晶振12M，精确延时请使用汇编,大致延时
 106           长度如下 T=tx2+5 uS 
 107          ------------------------------------------------*/
 108          void DelayUs2x(unsigned char t)
 109          {   
 110   1       while(--t);
 111   1      }
 112          /*------------------------------------------------
 113           mS延时函数，含有输入参数 unsigned char t，无返回值
 114           unsigned char 是定义无符号字符变量，其值的范围是
 115           0~255 这里使用晶振12M，精确延时请使用汇编
 116          ------------------------------------------------*/
 117          void DelayMs(unsigned char t)
C51 COMPILER V9.00   矩_键盘                                                              09/30/2011 11:20:21 PAGE 3   

 118          {     
 119   1       while(t--)
 120   1       {
 121   2           //大致延时1mS
 122   2           DelayUs2x(245);
 123   2               DelayUs2x(245);
 124   2       }
 125   1      }


MODULE INFORMATION:   STATIC OVERLAYABLE
   CODE SIZE        =    231    ----
   CONSTANT SIZE    =     16    ----
   XDATA SIZE       =   ----    ----
   PDATA SIZE       =   ----    ----
   DATA SIZE        =   ----       2
   IDATA SIZE       =   ----    ----
   BIT SIZE         =   ----    ----
END OF MODULE INFORMATION.


C51 COMPILATION COMPLETE.  0 WARNING(S),  0 ERROR(S)
