C51 COMPILER V9.01   LED3                                                                  04/14/2012 14:39:26 PAGE 1   


C51 COMPILER V9.01, COMPILATION OF MODULE LED3
OBJECT MODULE PLACED IN LED3.OBJ
COMPILER INVOKED BY: D:\软件\C51\BIN\C51.EXE LED3.C BROWSE DEBUG OBJECTEXTEND

line level    source

*** WARNING C500 IN LINE 1 OF LED3.C: LICENSE ERROR (R208: RENEW LICENSE ID CODE (LIC))

   1          /*-----------------------------------------------
   2            名称：点亮一个LED
   3            公司：济南博芯电子
   4            论坛：http://bxmcu.vicp.net:8080
   5            编写：
   6            日期：2011.9
   7            版本：Version 1.0
   8            内容：利用单片机的实现流水灯，一灯流动，其余灯灭
   9          ------------------------------------------------*/
  10          #include<reg52.h> //包含头文件，一般MCS51系列不需要改动，
  11                            //头文件包含特殊功能寄存器的定义
  12          /*------------------------------------------------------
  13          函数名称：void delay(unsigned int t)
  14          功能描述：通过该函数实现延时
  15          参数说明：t为延时时间
  16          全局变量：无
  17          返 回 值：无
  18          设 计 人：博芯电子
  19          版    本：Version 1.0
  20          设计时间：2011-9-22
  21          说    明：无
  22          ---------------------------------------------------*/
  23          void delay(unsigned int t)
  24          {
  25   1       while(t--);
  26   1      }
  27          /*------------------------------------------------
  28                              主函数
  29          ------------------------------------------------*/
  30          void main (void)
  31          {
  32   1      unsigned char i;
  33   1                 
  34   1              while (1)         //主循环
  35   1                {
  36   2                        
  37   2                        P0=0xfe;   //给P0口赋初值
  38   2                        for(i=0;i<8;i++)//循环8次
  39   2                        {
  40   3                        
  41   3                        delay(5000);
  42   3                        P0=P0<<=1;   //使P0左移一次
  43   3                        P0=P0+1;         //将最后一位置位1
  44   3                       }
  45   2                }
  46   1      }
  47          


MODULE INFORMATION:   STATIC OVERLAYABLE
   CODE SIZE        =     50    ----
   CONSTANT SIZE    =   ----    ----
   XDATA SIZE       =   ----    ----
   PDATA SIZE       =   ----    ----
C51 COMPILER V9.01   LED3                                                                  04/14/2012 14:39:26 PAGE 2   

   DATA SIZE        =   ----    ----
   IDATA SIZE       =   ----    ----
   BIT SIZE         =   ----    ----
END OF MODULE INFORMATION.


C51 COMPILATION COMPLETE.  1 WARNING(S),  0 ERROR(S)
