C51 COMPILER V9.01   18B20                                                                 02/14/2012 11:16:48 PAGE 1   


C51 COMPILER V9.01, COMPILATION OF MODULE 18B20
OBJECT MODULE PLACED IN .\obj\18b20.obj
COMPILER INVOKED BY: D:\C51\BIN\C51.EXE 18b20.c BROWSE DEBUG OBJECTEXTEND PRINT(.\obj\18b20.lst) OBJECT(.\obj\18b20.obj)

line level    source

   1          /*-----------------------------------------------
   2                  名称：18B20温度传感器
   3                  公司：济南博芯电子
   4                  
   5                  论坛：http://bxmcu.vicp.net:8080
   6                  编写：
   7                  修改：无
   8                  版本：Version 1.0
   9                  内容：18B20单线温度检测的应用样例程序
  10          ------------------------------------------------*/
  11          #include"delay.h"
  12          #include"18b20.h"
  13          /*------------------------------------------------
  14                              18b20初始化
  15          ------------------------------------------------*/
  16          bit Init_DS18B20(void)
  17          {
  18   1       bit dat=0;
  19   1       DQ = 1;    //DQ复位
  20   1       DelayUs2x(5);   //稍做延时
  21   1       DQ = 0;         //单片机将DQ拉低
  22   1       DelayUs2x(200); //精确延时 大于 480us 小于960us
  23   1       DelayUs2x(200);
  24   1       DQ = 1;        //拉高总线
  25   1       DelayUs2x(50); //15~60us 后 接收60-240us的存在脉冲
  26   1       dat=DQ;        //如果x=0则初始化成功, x=1则初始化失败
  27   1       DelayUs2x(25); //稍作延时返回
  28   1       return dat;
  29   1      }
  30          
  31          /*------------------------------------------------
  32                              读取一个字节
  33          ------------------------------------------------*/
  34          unsigned char ReadOneChar(void)
  35          {
  36   1      unsigned char i=0;
  37   1      unsigned char dat = 0;
  38   1      for (i=8;i>0;i--)
  39   1       {
  40   2        DQ = 0; // 给脉冲信号
  41   2        dat>>=1;
  42   2        DQ = 1; // 给脉冲信号
  43   2        if(DQ)
  44   2         dat|=0x80;
  45   2        DelayUs2x(25);
  46   2       }
  47   1       return(dat);
  48   1      }
  49          /*------------------------------------------------
  50                              写入一个字节
  51          ------------------------------------------------*/
  52          void WriteOneChar(unsigned char dat)
  53          {
  54   1       unsigned char i=0;
  55   1       for (i=8; i>0; i--)
C51 COMPILER V9.01   18B20                                                                 02/14/2012 11:16:48 PAGE 2   

  56   1       {
  57   2        DQ = 0;
  58   2        DQ = dat&0x01;
  59   2        DelayUs2x(25);
  60   2        DQ = 1;
  61   2        dat>>=1;
  62   2       }
  63   1      DelayUs2x(25);
  64   1      }
  65          
  66          /*------------------------------------------------
  67                              读取温度
  68          ------------------------------------------------*/
  69          unsigned int ReadTemperature(void)
  70          {
  71   1      unsigned char a=0;
  72   1      unsigned int b=0;
  73   1      unsigned int t=0;
  74   1      Init_DS18B20();
  75   1      WriteOneChar(0xCC); // 跳过读序号列号的操作
  76   1      WriteOneChar(0x44); // 启动温度转换
  77   1      DelayMs(10);
  78   1      Init_DS18B20();
  79   1      WriteOneChar(0xCC); //跳过读序号列号的操作 
  80   1      WriteOneChar(0xBE); //读取温度寄存器等（共可读9个寄存器） 前两个就是温度
  81   1      a=ReadOneChar();   //低位
  82   1      b=ReadOneChar();   //高位
  83   1      
  84   1      b<<=8;
  85   1      t=a+b;
  86   1      
  87   1      return(t);
  88   1      }


MODULE INFORMATION:   STATIC OVERLAYABLE
   CODE SIZE        =    183    ----
   CONSTANT SIZE    =   ----    ----
   XDATA SIZE       =   ----    ----
   PDATA SIZE       =   ----    ----
   DATA SIZE        =   ----       5
   IDATA SIZE       =   ----    ----
   BIT SIZE         =   ----       1
END OF MODULE INFORMATION.


C51 COMPILATION COMPLETE.  0 WARNING(S),  0 ERROR(S)
