C51 COMPILER V8.02   ___路不_频率方波                                                  09/27/2011 10:20:42 PAGE 1   


C51 COMPILER V8.02, COMPILATION OF MODULE ___路不_频率方波
OBJECT MODULE PLACED IN .\obj\产生多路不同频率方波.obj
COMPILER INVOKED BY: F:\单片机技术\C51\BIN\C51.EXE 产生多路不同频率方波.c BROWSE DEBUG OBJECTEXTEND PRINT(.\obj\产生多路
                    -不同频率方波.lst) OBJECT(.\obj\产生多路不同频率方波.obj)

line level    source

   1          /*-----------------------------------------------
   2            名称：产生多路不同频率的方波
   3            公司：济南博芯电子
   4            论坛：http://bxmcu.vicp.net:8080
   5            编写：jmsshan
   6            日期：2011.9
   7            版本：Version 1.0
   8            内容：通过定时器0产生多路不同频率的方波 
   9          ----------------------------------------------*/
  10          #include<reg52.h> //包含头文件，一般情况不需要改动，头文件包含特殊功能寄存器的定义
  11          
  12          /*------------------------------------------------
  13                              定时器初始化子程序
  14          ------------------------------------------------*/
  15          void Init_Timer0(void)
  16          {
  17   1       TMOD |= 0x01;                //使用模式1，16位定时器，使用"|"符号可以在使用多个定时器时不受影响                     
  18   1       TH0=(65536-500)/256;         //给定初值，这里使用定时器最大值从500开始计数一直到65535溢出
  19   1       TL0=(65536-500)%256;             //12M晶振计算指令周期1us,1ms方波半个周期500us，即定时500次
  20   1       EA=1;                        //总中断打开
  21   1       ET0=1;                       //定时器中断打开
  22   1       TR0=1;                       //定时器开关打开
  23   1      }
  24          /*------------------------------------------------
  25                              主程序
  26          ------------------------------------------------*/
  27          main()
  28          {
  29   1       Init_Timer0();
  30   1       while(1);
  31   1      }
  32          
  33          /*------------------------------------------------
  34                           定时器中断子程序
  35          ------------------------------------------------*/
  36          void Timer0_isr(void) interrupt 1 using 1
  37          {
  38   1       static unsigned char i;
  39   1      
  40   1       TH0=(65536-500)/256;                    //重新赋值 
  41   1       TL0=(65536-500)*256;        
  42   1      
  43   1       i++;
  44   1       P1=i; //P1口8路输出不同频率，相当于一个分频器，高频用示波
  45   1             //器测量，低频可以直接用led观测
  46   1             //P1.0输出1ms方波，P1.1输出2ms，p1.2输出4ms，以此类推
  47   1      
  48   1      }


MODULE INFORMATION:   STATIC OVERLAYABLE
   CODE SIZE        =     33    ----
   CONSTANT SIZE    =   ----    ----
   XDATA SIZE       =   ----    ----
C51 COMPILER V8.02   ___路不_频率方波                                                  09/27/2011 10:20:42 PAGE 2   

   PDATA SIZE       =   ----    ----
   DATA SIZE        =      1    ----
   IDATA SIZE       =   ----    ----
   BIT SIZE         =   ----    ----
END OF MODULE INFORMATION.


C51 COMPILATION COMPLETE.  0 WARNING(S),  0 ERROR(S)
