C51 COMPILER V9.00   _                                                              09/30/2011 11:18:47 PAGE 1   


C51 COMPILER V9.00, COMPILATION OF MODULE _
OBJECT MODULE PLACED IN .OBJ
COMPILER INVOKED BY: C:\Keil\C51\BIN\C51.EXE .c BROWSE DEBUG OBJECTEXTEND

line level    source

   1                                                                           /*-----------------------------------------------
   2            ƣled
   3            ˾ϲо
   4            ̳http://bxmcu.vicp.net:8080
   5            дicycreed        
   6            ڣ2011.9
   7            汾Version 1.0
   8            ݣһΰledٰһϨԴѭ
   9          ------------------------------------------------*/
  10          #include<reg52.h> //ͷļһҪĶͷļ⹦ܼĴĶ
  11          
  12          sbit KEY=P1^1;  //尴˿
  13          sbit LED=P1^2;  //led˿
  14          
  15          
  16          void DelayUs2x(unsigned char t);// 
  17          void DelayMs(unsigned char t);
  18          /*------------------------------------------------
  19                              
  20          ------------------------------------------------*/
  21          void main (void)
  22          {
  23   1                        
  24   1      KEY=1; //˿ڵƽø
  25   1      while (1)         //ѭ
  26   1        {
  27   2      
  28   2        if(!KEY)  //⵽͵ƽ˵
  29   2          {
  30   3               DelayMs(10); //ʱȥһ10-20ms
  31   3           if(!KEY)     //ٴȷϰǷ£ûа˳
  32   3                 {
  33   4              while(!KEY);//ȷϰ°ȴͷţûͷһֱȴ
  34   4                     {
  35   5                     LED=!LED;//ͷִҪĳ
  36   5                              }
  37   4                 }
  38   3              }
  39   2           //ѭҪһֱĳ
  40   2        }
  41   1      }
  42          /*------------------------------------------------
  43           uSʱ unsigned char t޷ֵ
  44           unsigned char Ƕ޷ֵַķΧ
  45           0~255 ʹþ12Mȷʱʹû,ʱ
  46            T=tx2+5 uS 
  47          ------------------------------------------------*/
  48          void DelayUs2x(unsigned char t)
  49          {   
  50   1       while(--t);
  51   1      }
  52          /*------------------------------------------------
  53           mSʱ unsigned char t޷ֵ
  54           unsigned char Ƕ޷ֵַķΧ
  55           0~255 ʹþ12Mȷʱʹû
C51 COMPILER V9.00   _                                                              09/30/2011 11:18:47 PAGE 2   

  56          ------------------------------------------------*/
  57          void DelayMs(unsigned char t)
  58          {     
  59   1       while(t--)
  60   1       {      //ʱ1mS
  61   2           DelayUs2x(245);
  62   2               DelayUs2x(245);
  63   2       }
  64   1      }


MODULE INFORMATION:   STATIC OVERLAYABLE
   CODE SIZE        =     44    ----
   CONSTANT SIZE    =   ----    ----
   XDATA SIZE       =   ----    ----
   PDATA SIZE       =   ----    ----
   DATA SIZE        =   ----    ----
   IDATA SIZE       =   ----    ----
   BIT SIZE         =   ----    ----
END OF MODULE INFORMATION.


C51 COMPILATION COMPLETE.  0 WARNING(S),  0 ERROR(S)
