C51 COMPILER V8.02   定时_0                                                               09/27/2011 10:29:58 PAGE 1   


C51 COMPILER V8.02, COMPILATION OF MODULE 定时_0
OBJECT MODULE PLACED IN .\obj\定时器0.obj
COMPILER INVOKED BY: F:\单片机技术\C51\BIN\C51.EXE 定时器0.c BROWSE DEBUG OBJECTEXTEND PRINT(.\obj\定时器0.lst) OBJECT(.
                    -\obj\定时器0.obj)

line level    source

   1          /*-----------------------------------------------
   2            名称：定时器0
   3            公司：济南博芯电子
   4            论坛：http://bxmcu.vicp.net:8080
   5            编写：jmsshan
   6            日期：2011.9
   7            版本：Version 1.0
   8            内容：通过定时器T0让LED灯闪烁
   9          ------------------------------------------------*/
  10          #include<reg52.h> //包含头文件，一般情况不需要改动，头文件包含特殊功能寄存器的定义
  11          
  12          sbit LED=P1^2;    //定义LED端口
  13          
  14          /*------------------------------------------------
  15                              定时器初始化子程序
  16          ------------------------------------------------*/
  17          void Init_Timer0(void)
  18          {
  19   1       TMOD |= 0x01;    //使用模式1，16位定时器，使用"|"符号可以在使用多个定时器时不受影响                 
  20   1       TH0=0x00;            //给定初值，这里使用定时器最大值从0开始计数一直到65535溢出
  21   1       TL0=0x00;
  22   1       EA=1;            //总中断打开
  23   1       ET0=1;           //定时器中断打开
  24   1       TR0=1;           //定时器开关打开
  25   1      }
  26          /*------------------------------------------------
  27                              主程序
  28          ------------------------------------------------*/
  29          main()
  30          {
  31   1       Init_Timer0();
  32   1       while(1);
  33   1      }
  34          
  35          /*------------------------------------------------
  36                           定时器中断子程序
  37          ------------------------------------------------*/
  38          void Timer0_isr(void) interrupt 1 using 1
  39          {
  40   1       TH0=0x00;                //重新赋值
  41   1       TL0=0x00;
  42   1      
  43   1       LED=~LED;        //指示灯反相，可以看到闪烁
  44   1      
  45   1      }


MODULE INFORMATION:   STATIC OVERLAYABLE
   CODE SIZE        =     29    ----
   CONSTANT SIZE    =   ----    ----
   XDATA SIZE       =   ----    ----
   PDATA SIZE       =   ----    ----
   DATA SIZE        =   ----    ----
   IDATA SIZE       =   ----    ----
C51 COMPILER V8.02   定时_0                                                               09/27/2011 10:29:58 PAGE 2   

   BIT SIZE         =   ----    ----
END OF MODULE INFORMATION.


C51 COMPILATION COMPLETE.  0 WARNING(S),  0 ERROR(S)
