C51 COMPILER V8.02   MAIN                                                                  10/14/2011 11:27:52 PAGE 1   


C51 COMPILER V8.02, COMPILATION OF MODULE MAIN
OBJECT MODULE PLACED IN .\obj\main.obj
COMPILER INVOKED BY: C:\Keil\C51\BIN\C51.EXE main.c BROWSE DEBUG OBJECTEXTEND PRINT(.\obj\main.lst) OBJECT(.\obj\main.ob
                    -j)

line level    source

   1          /*-----------------------------------------------
   2            名称：DS1302时钟数码管显示
   3            公司：济南博芯电子
   4            论坛：http://bxmcu.vicp.net:8080
   5            编写：xujun
   6            日期：2011.9
   7            内容：DS1302实时时钟数码管显示，时间和日期切换显示 按下按键，循环切换 
   8                  时间格式xx-xx-xx
   9                          日期格式xx-xx-xx
  10                          周秒格式-x-   xx
  11          ------------------------------------------------*/
  12          #include<reg52.h> //包含头文件，一般情况不需要改动，头文件包含特殊功能寄存器的定义
  13          #include "ds1302.h"
  14          
  15          #define KeyPort P3 //定义按键端口
  16          
  17          #define DataPort P0 //定义数据端口 程序中遇到DataPort 则用P0 替换
  18          
  19          sbit LATCH1=P2^2;//定义锁存使能端口 段锁存
  20          sbit LATCH2=P2^3;//                 位锁存
  21          
  22          bit ReadTimeFlag;//定义读时间标志
  23          
  24          unsigned char code dofly_DuanMa[10]={0x3f,0x06,0x5b,0x4f,0x66,0x6d,0x7d,0x07,0x7f,0x6f};// 显示段码值0~9
  25          unsigned char code dofly_WeiMa[]={0xfe,0xfd,0xfb,0xf7,0xef,0xdf,0xbf,0x7f};//分别对应相应的数码管点亮,即位
             -码
  26          unsigned char TempData[8]; //存储显示值的全局变量
  27          
  28          void DelayUs2x(unsigned char t);//us级延时函数声明 
  29          void DelayMs(unsigned char t); //ms级延时
  30          void Display(unsigned char FirstBit,unsigned char Num);//数码管显示函数
  31          unsigned char KeyScan(void);//键盘扫描
  32          void Init_Timer0(void);//定时器初始化
  33          /*------------------------------------------------
  34                              主函数
  35          ------------------------------------------------*/
  36          void main (void)
  37          {
  38   1      unsigned char num,displaynum;                  
  39   1      
  40   1      Init_Timer0();
  41   1      Ds1302_Init();
  42   1      Ds1302_Write_Time();
  43   1      while (1)         //主循环
  44   1        {
  45   2       num=KeyScan();   //按键扫描
  46   2      if(num==1)
  47   2        {
  48   3         displaynum++;
  49   3         if(displaynum==3)
  50   3            displaynum=0;
  51   3        }
  52   2      if(ReadTimeFlag==1)
  53   2      {
C51 COMPILER V8.02   MAIN                                                                  10/14/2011 11:27:52 PAGE 2   

  54   3        ReadTimeFlag=0;
  55   3        Ds1302_Read_Time();
  56   3      if(displaynum==0) //显示时间
  57   3       {
  58   4       TempData[0]=dofly_DuanMa[time_buf1[4]/10];//时 //数据的转换，
  59   4       TempData[1]=dofly_DuanMa[time_buf1[4]%10];//因我们采用数码管0~9的显示,将数据分开
  60   4       TempData[2]=0x40;                                                      //加入"-"
  61   4       TempData[3]=dofly_DuanMa[time_buf1[5]/10];//分
  62   4       TempData[4]=dofly_DuanMa[time_buf1[5]%10];
  63   4       TempData[5]=0x40;
  64   4       TempData[6]=dofly_DuanMa[time_buf1[6]/10];//秒
  65   4       TempData[7]=dofly_DuanMa[time_buf1[6]%10];     
  66   4       } 
  67   3      else if(displaynum==1)//显示日期
  68   3       { 
  69   4       TempData[0]=dofly_DuanMa[time_buf1[1]/10];//年                 
  70   4       TempData[1]=dofly_DuanMa[time_buf1[1]%10];
  71   4       TempData[2]=0x40;                                                      //加入"-"
  72   4       TempData[3]=dofly_DuanMa[time_buf1[2]/10];//月
  73   4       TempData[4]=dofly_DuanMa[time_buf1[2]%10];
  74   4       TempData[5]=0x40;
  75   4       TempData[6]=dofly_DuanMa[time_buf1[3]/10];//日
  76   4       TempData[7]=dofly_DuanMa[time_buf1[3]%10];     
  77   4       }
  78   3      else if(displaynum==2)//显示周  秒
  79   3       {
  80   4       TempData[0]=0x40;                              
  81   4       TempData[1]=dofly_DuanMa[time_buf1[7]%10];//周
  82   4       TempData[2]=0x40;      //加入"-"
  83   4       TempData[3]=0;
  84   4       TempData[4]=0;
  85   4       TempData[5]=0;
  86   4       TempData[6]=dofly_DuanMa[time_buf1[6]/10];//秒
  87   4       TempData[7]=dofly_DuanMa[time_buf1[6]%10];     
  88   4       }
  89   3       }      
  90   2       }
  91   1      }
  92          /*------------------------------------------------
  93           uS延时函数，含有输入参数 unsigned char t，无返回值
  94           unsigned char 是定义无符号字符变量，其值的范围是
  95           0~255 这里使用晶振12M，精确延时请使用汇编,大致延时
  96           长度如下 T=tx2+5 uS 
  97          ------------------------------------------------*/
  98          void DelayUs2x(unsigned char t)
  99          {   
 100   1       while(--t);
 101   1      }
 102          /*------------------------------------------------
 103           mS延时函数，含有输入参数 unsigned char t，无返回值
 104           unsigned char 是定义无符号字符变量，其值的范围是
 105           0~255 这里使用晶振12M，精确延时请使用汇编
 106          ------------------------------------------------*/
 107          void DelayMs(unsigned char t)
 108          {
 109   1           
 110   1       while(t--)
 111   1       {
 112   2           //大致延时1mS
 113   2           DelayUs2x(245);
 114   2               DelayUs2x(245);
 115   2       }
C51 COMPILER V8.02   MAIN                                                                  10/14/2011 11:27:52 PAGE 3   

 116   1      }
 117          /*------------------------------------------------
 118           显示函数，用于动态扫描数码管
 119           输入参数 FirstBit 表示需要显示的第一位，如赋值2表示从第三个数码管开始显示
 120           如输入0表示从第一个显示。
 121           Num表示需要显示的位数，如需要显示99两位数值则该值输入2
 122          ------------------------------------------------*/
 123          void Display(unsigned char FirstBit,unsigned char Num)
 124          {
 125   1            static unsigned char i=0;
 126   1                
 127   1      
 128   1                 DataPort=0;   //清空数据，防止有交替重影
 129   1             LATCH1=1;     //段锁存
 130   1             LATCH1=0;
 131   1      
 132   1             DataPort=dofly_WeiMa[i+FirstBit]; //取位码 
 133   1             LATCH2=1;     //位锁存
 134   1             LATCH2=0;
 135   1      
 136   1             DataPort=TempData[i]; //取显示数据，段码
 137   1             LATCH1=1;     //段锁存
 138   1             LATCH1=0;
 139   1             
 140   1                 i++;
 141   1             if(i==Num)
 142   1                    i=0;
 143   1      
 144   1      
 145   1      }
 146          /*------------------------------------------------
 147                              定时器初始化子程序
 148          ------------------------------------------------*/
 149          void Init_Timer0(void)
 150          {
 151   1       TMOD |= 0x01;    //使用模式1，16位定时器，使用"|"符号可以在使用多个定时器时不受影响                 
 152   1       //TH0=0x00;          //给定初值
 153   1       //TL0=0x00;
 154   1       EA=1;            //总中断打开
 155   1       ET0=1;           //定时器中断打开
 156   1       TR0=1;           //定时器开关打开
 157   1      }
 158          /*------------------------------------------------
 159                           定时器中断子程序
 160          ------------------------------------------------*/
 161          void Timer0_isr(void) interrupt 1 
 162          {
 163   1       static unsigned int num;
 164   1       TH0=(65536-2000)/256;            //重新赋值 2ms
 165   1       TL0=(65536-2000)%256;
 166   1       
 167   1       Display(0,8);       // 调用数码管扫描
 168   1       num++;
 169   1       if(num==50)        //大致100ms
 170   1         {
 171   2          num=0;
 172   2          ReadTimeFlag=1; //读标志位置1
 173   2              }
 174   1      }
 175          
 176          /*------------------------------------------------
 177                      按键扫描函数，返回扫描键值
C51 COMPILER V8.02   MAIN                                                                  10/14/2011 11:27:52 PAGE 4   

 178          ------------------------------------------------*/
 179          unsigned char KeyScan(void)
 180          {
 181   1       unsigned char keyvalue;
 182   1       if(KeyPort!=0xff)
 183   1         {
 184   2          DelayMs(10);
 185   2          if(KeyPort!=0xff)
 186   2                 {
 187   3                  keyvalue=KeyPort;
 188   3                  while(KeyPort!=0xff);
 189   3                      switch(keyvalue)
 190   3                      {
 191   4                       case 0xfe:return 1;break;
 192   4                       case 0xfd:return 2;break;
 193   4                       case 0xfb:return 3;break;
 194   4                       case 0xf7:return 4;break;
 195   4                       case 0xef:return 5;break;
 196   4                       case 0xdf:return 6;break;
 197   4                       case 0xbf:return 7;break;
 198   4                       case 0x7f:return 8;break;
 199   4                       default:return 0;break;
 200   4                      }
 201   3                }
 202   2         }
 203   1         return 0;
 204   1      }
 205          


MODULE INFORMATION:   STATIC OVERLAYABLE
   CODE SIZE        =    462    ----
   CONSTANT SIZE    =     18    ----
   XDATA SIZE       =   ----    ----
   PDATA SIZE       =   ----    ----
   DATA SIZE        =     11       1
   IDATA SIZE       =   ----    ----
   BIT SIZE         =      1    ----
END OF MODULE INFORMATION.


C51 COMPILATION COMPLETE.  0 WARNING(S),  0 ERROR(S)
