C51 COMPILER V9.00   1602液晶_态显示                                                      09/25/2011 19:06:33 PAGE 1   


C51 COMPILER V9.00, COMPILATION OF MODULE 1602液晶_态显示
OBJECT MODULE PLACED IN .\obj\1602液晶动态显示.obj
COMPILER INVOKED BY: C:\Keil\C51\BIN\C51.EXE 1602液晶动态显示.c BROWSE DEBUG OBJECTEXTEND PRINT(.\obj\1602液晶动态显示.l
                    -st) OBJECT(.\obj\1602液晶动态显示.obj)

line level    source

*** WARNING C500 IN LINE 1 OF 1602液晶动态显示.C: LICENSE ERROR (R208: RENEW LICENSE ID CODE (LIC))

   1          
   2          /*-----------------------------------------------   
   3          名称：LCD1602动态显示  
   4          公司：济南博芯电子   
   5          论坛：http://bxmcu.vicp.net:8080   
   6          编写：博芯电子  
   7          日期：2011.9   
   8          版本：Version 1.0   
   9          内容：通过标准程序动态显示字符
  10          引脚定义：1-VSS 2-VDD 3-V0 4-RS 5-R/W 6-E 7-14 DB0-DB7 15-BLA 16-BLK
  11          ------------------------------------------------*/
  12          #include<reg52.h> //包含头文件，一般情况不需要改动，头文件包含特殊功能寄存器的定义
  13          #include<intrins.h>
  14          
  15          sbit RS = P2^4;   //定义端口 
  16          sbit RW = P2^5;
  17          sbit EN = P2^6;
  18          
  19          #define RS_CLR RS=0 
  20          #define RS_SET RS=1
  21          
  22          #define RW_CLR RW=0 
  23          #define RW_SET RW=1 
  24          
  25          #define EN_CLR EN=0
  26          #define EN_SET EN=1
  27          
  28          #define DataPort P0
  29          /*------------------------------------------------
  30           uS延时函数，含有输入参数 unsigned char t，无返回值
  31           unsigned char 是定义无符号字符变量，其值的范围是
  32           0~255 这里使用晶振12M，精确延时请使用汇编,大致延时
  33           长度如下 T=tx2+5 uS 
  34          ------------------------------------------------*/
  35          void DelayUs2x(unsigned char t)
  36          {   
  37   1       while(--t);
  38   1      }
  39          /*------------------------------------------------
  40           mS延时函数，含有输入参数 unsigned char t，无返回值
  41           unsigned char 是定义无符号字符变量，其值的范围是
  42           0~255 这里使用晶振12M，精确延时请使用汇编
  43          ------------------------------------------------*/
  44          void DelayMs(unsigned char t)
  45          {
  46   1           
  47   1       while(t--)
  48   1       {
  49   2           //大致延时1mS
  50   2           DelayUs2x(245);
  51   2               DelayUs2x(245);
  52   2       }
  53   1      }
C51 COMPILER V9.00   1602液晶_态显示                                                      09/25/2011 19:06:33 PAGE 2   

  54          /*------------------------------------------------
  55                        判忙函数
  56          ------------------------------------------------*/
  57           bit LCD_Check_Busy(void) 
  58           { 
  59   1       DataPort= 0xFF; 
  60   1       RS_CLR; 
  61   1       RW_SET; 
  62   1       EN_CLR; 
  63   1       _nop_(); 
  64   1       EN_SET;
  65   1       return (bit)(DataPort & 0x80);
  66   1       }
  67          /*------------------------------------------------
  68                        写入命令函数
  69          ------------------------------------------------*/
  70           void LCD_Write_Com(unsigned char com) 
  71           {  
  72   1       while(LCD_Check_Busy()); //忙则等待
  73   1       RS_CLR; 
  74   1       RW_CLR; 
  75   1       EN_SET; 
  76   1       DataPort= com; 
  77   1       _nop_(); 
  78   1       EN_CLR;
  79   1       }
  80          /*------------------------------------------------
  81                        写入数据函数
  82          ------------------------------------------------*/
  83           void LCD_Write_Data(unsigned char Data) 
  84           { 
  85   1       while(LCD_Check_Busy()); //忙则等待
  86   1       RS_SET; 
  87   1       RW_CLR; 
  88   1       EN_SET; 
  89   1       DataPort= Data; 
  90   1       _nop_();
  91   1       EN_CLR;
  92   1       }
  93          
  94          /*------------------------------------------------
  95                          清屏函数
  96          ------------------------------------------------*/
  97           void LCD_Clear(void) 
  98           { 
  99   1       LCD_Write_Com(0x01); 
 100   1       DelayMs(5);
 101   1       }
 102          /*------------------------------------------------
 103                        写入字符串函数
 104          ------------------------------------------------*/
 105           void LCD_Write_String(unsigned char x,unsigned char y,unsigned char *s) 
 106           {     
 107   1       if (y == 0) 
 108   1              {     
 109   2               LCD_Write_Com(0x80 + x);     
 110   2              }
 111   1       else 
 112   1              {     
 113   2              LCD_Write_Com(0xC0 + x);     
 114   2              }        
 115   1       while (*s) 
C51 COMPILER V9.00   1602液晶_态显示                                                      09/25/2011 19:06:33 PAGE 3   

 116   1              {     
 117   2       LCD_Write_Data( *s);     
 118   2       s ++;     
 119   2              }
 120   1       }
 121          /*------------------------------------------------
 122                        写入字符函数
 123          ------------------------------------------------*/
 124           void LCD_Write_Char(unsigned char x,unsigned char y,unsigned char Data) 
 125           {     
 126   1       if (y == 0) 
 127   1              {     
 128   2              LCD_Write_Com(0x80 + x);     
 129   2              }    
 130   1       else 
 131   1              {     
 132   2              LCD_Write_Com(0xC0 + x);     
 133   2              }        
 134   1       LCD_Write_Data( Data);  
 135   1       }
 136          /*------------------------------------------------
 137                        初始化函数
 138          ------------------------------------------------*/
 139           void LCD_Init(void) 
 140           {
 141   1         LCD_Write_Com(0x38);    /*显示模式设置*/ 
 142   1         DelayMs(5); 
 143   1         LCD_Write_Com(0x38); 
 144   1         DelayMs(5); 
 145   1         LCD_Write_Com(0x38); 
 146   1         DelayMs(5); 
 147   1         LCD_Write_Com(0x38);  
 148   1         LCD_Write_Com(0x08);    /*显示关闭*/ 
 149   1         LCD_Write_Com(0x01);    /*显示清屏*/ 
 150   1         LCD_Write_Com(0x06);    /*显示光标移动设置*/ 
 151   1         DelayMs(5); 
 152   1         LCD_Write_Com(0x0C);    /*显示开及光标设置*/
 153   1         }
 154             
 155          /*------------------------------------------------
 156                              主函数
 157          ------------------------------------------------*/ 
 158          void main(void) 
 159          { 
 160   1      unsigned char i; 
 161   1      unsigned char *p; 
 162   1      
 163   1      LCD_Init(); 
 164   1      
 165   1      while (1) 
 166   1       {  
 167   2       i = 1;  
 168   2       p = "I love 51 mcu";  
 169   2       LCD_Clear(); //清屏 
 170   2       LCD_Write_String(2,0,"hello!");//写数据"hello！"
 171   2       DelayMs(250);   
 172   2       while (*p) 
 173   2              {   
 174   3              LCD_Write_Char(i,1,*p);   
 175   3              i ++;   
 176   3              p ++;   
 177   3              DelayMs(250);   
C51 COMPILER V9.00   1602液晶_态显示                                                      09/25/2011 19:06:33 PAGE 4   

 178   3              }  
 179   2        DelayMs(250);  
 180   2       }
 181   1      }
 182          


MODULE INFORMATION:   STATIC OVERLAYABLE
   CODE SIZE        =    270    ----
   CONSTANT SIZE    =     21    ----
   XDATA SIZE       =   ----    ----
   PDATA SIZE       =   ----    ----
   DATA SIZE        =   ----       4
   IDATA SIZE       =   ----    ----
   BIT SIZE         =   ----    ----
END OF MODULE INFORMATION.


C51 COMPILATION COMPLETE.  1 WARNING(S),  0 ERROR(S)
