C51 COMPILER V8.02   __1MS方波                                                           09/27/2011 10:31:23 PAGE 1   


C51 COMPILER V8.02, COMPILATION OF MODULE __1MS方波
OBJECT MODULE PLACED IN .\obj\产生1mS方波.obj
COMPILER INVOKED BY: F:\单片机技术\C51\BIN\C51.EXE 产生1mS方波.c BROWSE DEBUG OBJECTEXTEND PRINT(.\obj\产生1mS方波.lst) 
                    -OBJECT(.\obj\产生1mS方波.obj)

line level    source

   1          /*-----------------------------------------------
   2            名称：产生周期为1ms的方波
   3            公司：济南博芯电子
   4            论坛：http://bxmcu.vicp.net:8080
   5            编写：jmsshan
   6            日期：2011.9
   7            版本：Version 1.0
   8            内容：通过定时器0产生1ms的方波
   9          ------------------------------------------------*/
  10          #include<reg52.h> //包含头文件，一般情况不需要改动，头文件包含特殊功能寄存器的定义
  11          
  12          sbit OUT=P1^2;    //定义OUT输出端口
  13          
  14          /*------------------------------------------------
  15                              定时器初始化子程序
  16          ------------------------------------------------*/
  17          void Init_Timer0(void)
  18          {
  19   1       TMOD |= 0x01;                //使用模式1，16位定时器，使用"|"符号可以在使用多个定时器时不受影响                     
  20   1       TH0=(65536-500)/256;         //给定初值，这里使用定时器最大值从500开始计数一直到65535溢出
  21   1       TL0=(65536-500)%256;             //12M晶振计算指令周期1us,1ms方波半个周期500us，即定时500次
  22   1       EA=1;                        //总中断打开
  23   1       ET0=1;                       //定时器中断打开
  24   1       TR0=1;                       //定时器开关打开
  25   1      }
  26          /*------------------------------------------------
  27                              主程序
  28          ------------------------------------------------*/
  29          main()
  30          {
  31   1       Init_Timer0();
  32   1       while(1);
  33   1      }
  34          /*------------------------------------------------
  35                           定时器中断子程序
  36          ------------------------------------------------*/
  37          void Timer0_isr(void) interrupt 1 using 1
  38          {
  39   1       TH0=(65536-500)/256;             //重新赋值 
  40   1       TL0=(65536-500)*256;        
  41   1                                                                                       
  42   1       OUT=~OUT;                                //溢出然后输出端取反
  43   1                                    //用示波器可看到方波输出
  44   1      }


MODULE INFORMATION:   STATIC OVERLAYABLE
   CODE SIZE        =     30    ----
   CONSTANT SIZE    =   ----    ----
   XDATA SIZE       =   ----    ----
   PDATA SIZE       =   ----    ----
   DATA SIZE        =   ----    ----
   IDATA SIZE       =   ----    ----
   BIT SIZE         =   ----    ----
C51 COMPILER V8.02   __1MS方波                                                           09/27/2011 10:31:23 PAGE 2   

END OF MODULE INFORMATION.


C51 COMPILATION COMPLETE.  0 WARNING(S),  0 ERROR(S)
