C51 COMPILER V9.01   点_                                                                  09/30/2011 12:39:45 PAGE 1   


C51 COMPILER V9.01, COMPILATION OF MODULE 点_
OBJECT MODULE PLACED IN 点阵.OBJ
COMPILER INVOKED BY: D:\keil\C51\BIN\C51.EXE 点阵.c BROWSE DEBUG OBJECTEXTEND

line level    source

   1          /*-----------------------------------------------
   2            名称：8*8点阵
   3            论坛：bxmcu.vicp.net.8080
   4            日期：2011.9
   5            修改：无
   6            内容：点阵上显示数字0
   7          ------------------------------------------------*/
   8          
   9          #include<reg52.h>                   //包含头文件，一般情况不需要改动，头文件包含特殊功能寄存器的定义
  10          #define  uint unsigned int   
  11          #define  uchar  unsigned char   
  12          
  13          sbit  DZL = P2^1;               //573的列锁存
  14          sbit  DZH = P2^0;               //573的行锁存
  15          
  16          uchar  dx_table1[]={0xfe,0xfd,0xfb,0xf7,0xef,0xdf,0xbf,0x7f};    //列数据选择
  17          uchar  dx_table2[]={0x00,0x00,0x3e,0x41,0x41,0x41,0x3e,0x00};    //行数据选择
  18           
  19           /************延时函数**************/
  20          void delay(void)
  21          {
  22   1              uchar i,j;                  //定义两个无符号字符型
  23   1              for(i=0;i<30;i++)
  24   1                      for(j=0;j<20;j++);
  25   1      }
  26          
  27          /*------------------------------------------------
  28                              主函数
  29          ------------------------------------------------*/
  30          void main()
  31          {
  32   1              uchar i;
  33   1              while(1)
  34   1              {
  35   2                      for(i=0;i<8;i++)                //8*8点阵的每行每列都要选择8次
  36   2                      {
  37   3                              P1=dx_table1[i];        //列选择
  38   3                              DZL=1;                          //数据锁存
  39   3                              DZL=0;
  40   3              
  41   3                              P1=dx_table2[i];        //行选择
  42   3                              DZH=1;                          //数据锁存
  43   3                              DZH=0;
  44   3                              delay();
  45   3                      }
  46   2              }               
  47   1      }


MODULE INFORMATION:   STATIC OVERLAYABLE
   CODE SIZE        =     46    ----
   CONSTANT SIZE    =   ----    ----
   XDATA SIZE       =   ----    ----
   PDATA SIZE       =   ----    ----
   DATA SIZE        =     16    ----
C51 COMPILER V9.01   点_                                                                  09/30/2011 12:39:45 PAGE 2   

   IDATA SIZE       =   ----    ----
   BIT SIZE         =   ----    ----
END OF MODULE INFORMATION.


C51 COMPILATION COMPLETE.  0 WARNING(S),  0 ERROR(S)
